
--- Job largemodel.gms Start 06/08/24 19:35:25 33.2.0 r4f23b21 WEX-WEI x86 64bit/MS Windows
--- Applying:
    C:\GAMS\33\gmsprmNT.txt
--- GAMS Parameters defined
    Input "C:\Users\MAROS.IVANIC\OneDrive - USDA\JuMP-may-24\largemodel.gms"
    PageWidth 80
    PageSize 0
    PageContr 3
    Action CE
    ScrDir "C:\Users\MAROS.IVANIC\OneDrive - USDA\JuMP-may-24\225a\"
    SysDir C:\GAMS\33\
    WorkDir "C:\Users\MAROS.IVANIC\OneDrive - USDA\JuMP-may-24\"
    LogOption 3
    DFormat 0
    TFormat 0
    ErrorLog 99
    IDE 1
Licensee: Large MUD - 20 User License                    G210128/0001CA-WIN
          U.S. Department of Agriculture, Economic Research Service  DC1080
          C:\Users\MAROS.IVANIC\OneDrive - USDA\Documents\GAMS\gamslice.txt
GAMS 33.2.0   Copyright (C) 1987-2020 GAMS Development. All rights reserved
--- Starting compilation
--- largemodel.gms(219) 3 Mb
--- Starting execution: elapsed 0:00:00.012
--- largemodel.gms(186) 4 Mb
--- Generating NLP model m
--- largemodel.gms(189) 6 Mb
---   546 rows  597 columns  3,335 non-zeroes
---   6,915 nl-code  2,435 nl-non-zeroes
--- largemodel.gms(189) 4 Mb
--- Executing CONOPT (Solvelink=2): elapsed 0:00:00.062
CONOPT 3         33.2.0 r4f23b21 Released Dec 01, 2020 WEI x86 64bit/MS Window
 
 
    C O N O P T 3   version 3.17L
    Copyright (C)   ARKI Consulting and Development A/S
                    Bagsvaerdvej 246 A
                    DK-2880 Bagsvaerd, Denmark
 
 
   Iter Phase Ninf   Infeasibility   RGmax    NSB   Step InItr MX OK
      0   0        1.0741007596E+07 (Input point)
 
                   Pre-triangular equations:   0
                   Post-triangular equations:  1
                   Definitional equations:     10
 
      1   0        1.8613732289E+06 (After pre-processing)
      2   0        1.0306737088E+03 (After scaling)
      5   0     2  9.9447533949E+02               2.1E-03      T  T
     10   0     4  9.9347680734E+02               0.0E+00      T  T
     15   0     9  8.6442481372E+02               6.2E-02      T  T
     20   0    12  9.6939234635E+02               0.0E+00      F  F
     25   0    17  7.2198771284E+02               1.7E-01      T  T
     30   0    18  7.8245805302E+02               0.0E+00      F  F
     35   0    21  4.4575287245E+02               0.0E+00      T  T
 
   Iter Phase Ninf   Infeasibility   RGmax    NSB   Step InItr MX OK
     40   0    24  3.3364570777E+02               0.0E+00      F  F
     45   0    29  3.3364570777E+02               0.0E+00      F  F
     50   0    34  3.3364570777E+02               0.0E+00      F  F
     55   0    37  3.2627235246E+02               4.3E-02      T  T
     60   0    38  2.1090487496E+02               0.0E+00      F  F
     65   0    43  2.1090487496E+02               0.0E+00      F  T
     70   0    48  2.1090487496E+02               0.0E+00      F  F
     75   0    53  2.1090487496E+02               0.0E+00      F  F
     80   0    58  2.1090487496E+02               0.0E+00      F  F
     85   0    63  2.1090487496E+02               0.0E+00      F  F
 
   Iter Phase Ninf   Infeasibility   RGmax    NSB   Step InItr MX OK
     90   0    68  2.1090487496E+02               0.0E+00      F  F
     95   0    73  2.1090487496E+02               0.0E+00      F  F
    100   0    78  2.1090487496E+02               0.0E+00      F  F
    105   0    83  2.1090487496E+02               0.0E+00      F  F
    110   0    88  2.1090487496E+02               0.0E+00      F  F
    115   0    93  2.1090487496E+02               0.0E+00      F  F
    120   0    98  2.1090487496E+02               0.0E+00      F  F
    125   0   103  2.1090487496E+02               0.0E+00      F  F
    130   0   108  2.1090487496E+02               0.0E+00      F  F
    135   0   113  2.1090487496E+02               0.0E+00      F  F
 
   Iter Phase Ninf   Infeasibility   RGmax    NSB   Step InItr MX OK
    140   0   118  2.1090487496E+02               0.0E+00      F  F
    145   0   123  2.1090487496E+02               0.0E+00      F  F
    150   0   128  2.1090487496E+02               0.0E+00      F  F
    155   0   133  2.1090487496E+02               0.0E+00      F  F
    160   0   138  2.1090487496E+02               0.0E+00      F  F
    165   0   143  2.1090487496E+02               0.0E+00      F  F
    170   0   148  2.1090487496E+02               0.0E+00      F  F
    175   0   153  2.1090487496E+02               0.0E+00      F  F
    180   0   158  2.1090487496E+02               0.0E+00      F  F
    185   0   163  2.1090487496E+02               0.0E+00      F  F
 
   Iter Phase Ninf   Infeasibility   RGmax    NSB   Step InItr MX OK
    190   0   168  2.1090487496E+02               0.0E+00      F  F
    195   0   173  2.1090487496E+02               0.0E+00      F  F
    200   0   178  2.1090487496E+02               0.0E+00      F  F
    205   0   183  2.1090487496E+02               0.0E+00      F  F
    210   0   188  2.1090487496E+02               0.0E+00      F  F
    215   0   193  2.1090487496E+02               0.0E+00      F  F
    220   0   198  2.1090487496E+02               0.0E+00      F  F
    225   0   203  2.1090487496E+02               0.0E+00      F  F
    230   0   208  2.1090487496E+02               0.0E+00      F  F
    235   0   213  2.1090487496E+02               0.0E+00      F  F
 
   Iter Phase Ninf   Infeasibility   RGmax    NSB   Step InItr MX OK
    240   0   218  2.1090487496E+02               0.0E+00      F  F
    245   0   223  2.1090487496E+02               0.0E+00      F  F
    250   0   228  2.1090487496E+02               0.0E+00      F  F
    255   0   233  2.1090487496E+02               0.0E+00      F  F
    260   0   238  2.1090487496E+02               0.0E+00      F  F
    265   0   243  2.1090487496E+02               0.0E+00      F  F
    270   0   248  2.1090487496E+02               0.0E+00      F  F
    275   0   253  2.1090487496E+02               0.0E+00      F  F
    280   0   258  2.1090487496E+02               0.0E+00      F  F
    285   0   263  2.1090487496E+02               0.0E+00      F  F
 
   Iter Phase Ninf   Infeasibility   RGmax    NSB   Step InItr MX OK
    290   0   268  2.1090487496E+02               0.0E+00      F  F
    295   0   273  2.1090487496E+02               0.0E+00      F  F
    300   0   278  2.1090487496E+02               0.0E+00      F  F
    305   0   283  2.1090487496E+02               0.0E+00      F  F
    310   0   288  2.1090487496E+02               0.0E+00      F  F
    315   0   293  2.1090487496E+02               0.0E+00      F  F
    320   0   298  2.1090487496E+02               0.0E+00      F  F
    325   0   303  2.1090487496E+02               0.0E+00      F  F
    330   0   308  2.1090487496E+02               0.0E+00      F  F
    335   0   313  2.1090487496E+02               0.0E+00      F  F
 
   Iter Phase Ninf   Infeasibility   RGmax    NSB   Step InItr MX OK
    340   0   318  2.1090487496E+02               0.0E+00      F  F
    345   0   323  2.1090487496E+02               0.0E+00      F  F
    350   0   328  2.1090487496E+02               0.0E+00      F  F
    355   0   333  2.1090487496E+02               0.0E+00      F  F
    360   0   338  2.1090487496E+02               0.0E+00      F  F
    365   0   343  2.1090487496E+02               0.0E+00      F  F
    370   0   348  2.1090487496E+02               0.0E+00      F  F
    375   0   353  2.1090487496E+02               0.0E+00      F  F
    380   0   358  2.1090487496E+02               0.0E+00      F  F
    385   0   363  2.1090487496E+02               0.0E+00      F  F
 
   Iter Phase Ninf   Infeasibility   RGmax    NSB   Step InItr MX OK
    390   0   368  2.1090487496E+02               0.0E+00      F  F
    395   0   373  2.1090487496E+02               0.0E+00      F  F
    400   0   378  2.1090487496E+02               0.0E+00      F  F
    405   0   383  2.1090487496E+02               0.0E+00      F  F
    410   0   388  2.1090487496E+02               0.0E+00      F  F
    415   0   393  2.1090487496E+02               0.0E+00      F  F
    420   0   398  2.1090487496E+02               0.0E+00      F  F
    425   0   403  2.1090487496E+02               0.0E+00      F  F
    430   0   408  2.1090487496E+02               0.0E+00      F  F
    435   0   413  2.1090487496E+02               0.0E+00      F  F
 
   Iter Phase Ninf   Infeasibility   RGmax    NSB   Step InItr MX OK
    440   0   418  2.1090487496E+02               0.0E+00      F  F
    445   0   423  2.1090487496E+02               0.0E+00      F  F
    450   0   428  2.1090487496E+02               0.0E+00      F  F
    455   0   433  2.1090487496E+02               0.0E+00      F  F
    460   0   438  2.1090487496E+02               0.0E+00      F  F
    465   0   443  2.1090487496E+02               0.0E+00      F  F
    470   0   448  2.1090487496E+02               0.0E+00      F  F
    475   0   453  2.1090487496E+02               0.0E+00      F  F
    480   0   458  2.1090487496E+02               0.0E+00      F  F
    485   0   463  2.1090487496E+02               0.0E+00      F  F
 
   Iter Phase Ninf   Infeasibility   RGmax    NSB   Step InItr MX OK
    490   0   468  2.1090487496E+02               0.0E+00      F  F
    495   0   473  2.1090487496E+02               0.0E+00      F  F
    500   0   478  2.1090487496E+02               0.0E+00      F  F
    505   0   483  2.1090487496E+02               0.0E+00      F  F
    510   0   488  2.1090487496E+02               0.0E+00      F  F
    515   0   493  2.1090487496E+02               0.0E+00      F  F
    520   0   498  2.1090487496E+02               0.0E+00      F  F
    525   0   503  2.1090487496E+02               0.0E+00      F  F
    530   0   508  2.1090487496E+02               0.0E+00      F  F
    535   0   513  2.1090487496E+02               0.0E+00      F  F
 
   Iter Phase Ninf   Infeasibility   RGmax    NSB   Step InItr MX OK
    540   0   518  2.1090487496E+02               0.0E+00      F  F
    545   0   523  2.1090487496E+02               0.0E+00      F  F
    550   0   528  2.1090487496E+02               0.0E+00      F  F
    555   0   533  2.1090487496E+02               0.0E+00      F  F
    557   1   531  2.0823795909E+02 6.9E+01   508 1.0E+00    3 T  T
    558   1   530  1.9180074121E+02 8.3E+01   505 9.8E-01    8 T  T
    559   1   530  1.7769257781E+02 1.9E+02   506 5.0E-01   13 F  F
    560   1   521  1.7416256385E+02 3.0E+01   506 1.0E+00   11 T  T
    561   1   517  1.7142694631E+02 1.9E+01   495 1.0E+00    9 T  T
    562   1   511  1.6615174260E+02 2.2E+01   486 1.0E+00   12 T  T
 
   Iter Phase Ninf   Infeasibility   RGmax    NSB   Step InItr MX OK
    563   1   496  1.6313883645E+02 2.0E+01   474 1.0E+00   17 T  T
    564   1   481  1.5651081828E+02 2.0E+01   457 1.0E+00   22 T  T
    565   1   458  1.4707354188E+02 5.7E+01   435 1.0E+00   27 T  T
    566   1   458  1.4260387012E+02 1.8E+02   422 3.4E-01   32 F  T
    567   1   457  1.3810767994E+02 3.0E+01   422 8.8E-01   12 T  T
    568   1   457  1.3746274288E+02 1.2E+02   424 3.8E-01   13 F  F
    569   1   452  1.3728629618E+02 2.5E+01   424 1.0E+00    6 T  T
    570   1   445  1.3610849821E+02 2.5E+01   418 1.0E+00    9 T  T
    571   1   444  1.2879398294E+02 1.3E+03   412 5.5E-01   14 T  T
    572   1   438  1.2650098413E+02 1.8E+02   412 1.0E+00    9 T  T
 
   Iter Phase Ninf   Infeasibility   RGmax    NSB   Step InItr MX OK
    573   1   426  1.2345377453E+02 1.0E+01   403 1.0E+00   12 T  T
    574   1   409  1.1879865988E+02 6.9E+00   392 1.0E+00   17 T  T
    575   1   390  1.1349513191E+02 9.4E+00   375 1.0E+00   22 T  T
    576   1   389  1.0236545522E+02 5.1E+00   353 9.9E-01   27 T  T
    577   1   362  9.9904275373E+01 1.1E+01   348 1.0E+00   35 T  T
    578   1   361  9.0305129883E+01 6.9E+00   314 9.9E-01   37 T  T
    579   1   360  8.6686313883E+01 6.7E+00   297 9.9E-01   43 T  T
    580   1   324  8.4669943517E+01 2.3E+01   293 1.0E+00   47 T  T
    581   1   323  7.5562734898E+01 9.7E+01   267 7.4E-01   52 T  T
    582   1   323  7.4543327810E+01 1.2E+02   277 2.2E-01   26 F  F
 
   Iter Phase Ninf   Infeasibility   RGmax    NSB   Step InItr MX OK
    583   1   318  7.3704109265E+01 1.0E+02   271 1.0E+00    6 T  T
    584   1   308  7.3194715814E+01 4.6E+01   265 1.0E+00   11 T  T
    585   1   296  7.2611969355E+01 5.0E+00   254 1.0E+00   16 T  T
    586   1   296  7.0348723520E+01 1.6E+02   245 5.0E-01   21 F  F
    587   1   288  7.0073984358E+01 1.1E+01   245 1.0E+00   11 T  T
    588   1   281  6.9964423206E+01 4.8E+00   234 1.0E+00    8 T  T
    589   1   271  6.9376915153E+01 4.9E+00   227 1.0E+00   12 T  T
    590   1   270  6.6706976824E+01 5.6E+00   219 1.0E+00   17 T  T
    591   1   252  6.5635159324E+01 3.7E+01   218 1.0E+00   23 T  T
    592   1   252  6.1290981604E+01 1.3E+02   198 5.0E-01   27 F  F
 
   Iter Phase Ninf   Infeasibility   RGmax    NSB   Step InItr MX OK
    593   1   252  6.0496084496E+01 1.7E+02   197 4.3E-01   19 F  F
    596   1   251  6.0451691305E+01 8.7E+00   199 3.1E-05      F  F
    600   1   245  6.0387816573E+01 3.8E+00   192 1.0E+00    3 T  T
    601   1   238  6.0200801544E+01 3.8E+00   190 1.0E+00    8 T  T
    602   1   238  5.9263396609E+01 3.8E+00   182 2.5E-01   13 F  F
    603   1   229  5.7660323203E+01 7.8E+00   182 1.0E+00    9 T  T
    604   1   229  5.4522544558E+01 4.2E+00   173 7.6E-01   14 F  F
    605   1   220  5.3618578427E+01 4.9E+00   172 1.0E+00   12 T  T
    606   1   220  5.2512129420E+01 5.2E+00   160 2.5E-01   14 F  F
    607   1   220  5.1913646319E+01 4.6E+01   164 5.0E-01   10 F  F
 
   Iter Phase Ninf   Infeasibility   RGmax    NSB   Step InItr MX OK
    611   1   216  5.1788014333E+01 6.0E+00   161 2.2E-06      T  T
    614   1   213  5.1575035369E+01 6.0E+00   154 8.9E-01    3 T  T
    615   1   207  5.1420553319E+01 6.1E+00   157 1.0E+00    6 T  T
    616   1   207  5.0590523931E+01 6.2E+00   155 1.6E-01   11 F  F
    617   1   207  5.0143773636E+01 8.0E+04   150 2.5E-01    2 F  F
    621   1   203  5.0003810784E+01 1.6E+01   153 3.7E-04      F  F
    626   1   200  4.8805056016E+01 6.5E+00   150 2.5E-01    3 F  F
    627   1   200  4.8605640572E+01 3.4E+01   149 5.0E-01    2 F  F
    631   1   196  4.7661188721E+01 6.3E+00   147 1.5E-03      T  T
    633   1   192  4.6454432089E+01 6.0E+00   141 1.0E+00    3 T  T
 
   Iter Phase Ninf   Infeasibility   RGmax    NSB   Step InItr MX OK
    634   1   192  4.5625372188E+01 6.1E+00   138 5.0E-01    8 F  F
    635   1   185  4.4996430374E+01 4.5E+00   142 1.0E+00    7 T  T
    636   1   176  4.3679408861E+01 8.6E+01   136 1.0E+00   11 T  T
    637   1   176  3.6549886681E+01 4.1E+00   125 8.4E-01   16 F  F
    638   1   159  3.6117134210E+01 2.0E+01   125 1.0E+00   14 T  T
    639   1   159  3.3139910727E+01 4.1E+00   113 4.4E-01   13 F  F
    640   1   159  3.2797075979E+01 3.4E+01   113 3.9E-01    7 F  F
    641   1   158  3.2712058567E+01 8.0E+01   113 1.3E-05      T  T
    646   1   157  3.2475586384E+01 3.1E+01   110 1.6E-05      F  F
    649   1   156  3.2207517362E+01 5.7E+00   117 3.1E-02    3 F  F
 
   Iter Phase Ninf   Infeasibility   RGmax    NSB   Step InItr MX OK
    650   1   156  3.2200766503E+01 6.9E+00   117 4.0E-02    1 F  F
    651   1   156  3.2180376001E+01 5.1E+01   119 7.0E-06      F  F
    656   1   155  3.1909265890E+01 6.4E+00   118 4.6E-04      F  F
    661   1   153  3.1599784855E+01 8.1E+00   116 3.1E-04      F  F
    663   1   152  3.1517365959E+01 5.4E+00   116 6.3E-04    3 F  F
    664   1   152  3.1516650217E+01 1.1E+01   117 2.0E-03    1 F  F
    666   1   152  3.1499538858E+01 2.7E+04   120 1.4E-11      F  F
    671   1   152  3.1498302061E+01 1.7E+01   119 4.3E-09      T  T
    674   1   147  2.9243074801E+01 6.9E+02   117 1.0E+00    3 T  T
    675   1   146  2.8567298507E+01 1.2E+01   116 8.0E-01    2 T  T
 
   Iter Phase Ninf   Infeasibility   RGmax    NSB   Step InItr MX OK
    676   1   143  2.8266172502E+01 5.8E+00   115 1.0E+00    3 T  T
    677   1   143  2.6416398968E+01 5.7E+00   112 3.3E-01    7 F  F
    678   1   137  2.5478199258E+01 1.0E+02   112 1.0E+00    3 T  T
    679   1   137  2.4966806405E+01 1.0E+00   109 1.2E-01    3 F  F
    680   1   137  2.4582807901E+01 3.7E+00   109 1.0E+00    1 T  T
    681   1   137  2.4191200017E+01 3.0E+00   108 1.2E-01    4 F  F
    682   1   137  2.3887415843E+01 3.6E+00   108 5.0E-01    3 F  F
    686   1   134  2.2726538179E+01 2.0E+00   105 8.0E-03      F  F
    689   1   133  2.0653496729E+01 1.1E+00   104 3.7E-01    3 F  F
    690   1   133  2.0354770148E+01 1.5E+00   104 8.0E-01    2 F  F
 
   Iter Phase Ninf   Infeasibility   RGmax    NSB   Step InItr MX OK
    691   1   132  2.0331576586E+01 1.3E+00   104 2.4E-03      T  T
    696   1   131  1.6471146816E+01 1.3E+00   101 2.0E-01      F  F
    698   1   126  1.2752462258E+01 5.4E-01   100 4.9E-01    3 F  F
    699   1   125  1.1904353648E+01 1.1E+00   100 7.7E-01    3 T  T
    700   1   124  1.0389033170E+01 5.2E-01    99 5.6E-01    3 T  T
    701   1   118  1.0219042293E+01 3.4E+00    99 1.0E+00    6 T  T
    702   1   117  9.4308005527E+00 2.8E+00    95 7.0E-01    5 T  T
    703   1   109  9.3953995298E+00 3.5E+00   100 1.0E+00    9 T  T
    704   1   108  7.2659629799E+00 1.3E+01    99 7.2E-01    6 T  T
    705   1   101  7.1546526260E+00 6.3E+01   102 1.0E+00   12 T  T
 
   Iter Phase Ninf   Infeasibility   RGmax    NSB   Step InItr MX OK
    706   1   100  7.1167783363E+00 3.2E-01    89 1.0E+00    5 T  T
    707   1   100  6.7720803321E+00 2.9E-01    88 1.9E-01    8 F  F
    708   1    99  6.5791566471E+00 1.1E+00    81 1.0E+00    1 T  T
    709   1    99  6.2940980758E+00 5.7E-01    82 6.1E-01    7 F  F
    710   1    97  6.1353761329E+00 5.6E-01    81 1.0E+00    3 T  T
    711   1    93  5.9238449396E+00 5.6E-01    83 1.0E+00    4 T  T
    712   1    86  4.9611712500E+00 2.7E-01    75 1.0E+00    7 T  T
    713   1    73  4.4798904923E+00 2.8E-01    68 1.0E+00   13 T  T
    714   1    53  2.7330673124E+00 2.8E-01    54 1.0E+00   17 T  T
    715   1    53  2.5788987091E+00 2.7E+00    42 2.5E-01   13 F  F
 
   Iter Phase Ninf   Infeasibility   RGmax    NSB   Step InItr MX OK
    716   1    53  2.4902060481E+00 3.0E+00    35 7.2E-01    4 T  T
    717   1    49  2.4403665348E+00 3.4E+00    34 1.0E+00    4 T  T
    718   1    49  2.4000251249E+00 6.7E+00    32 3.4E-01    7 F  F
    719   1    47  2.3746953776E+00 4.3E+00    33 1.0E+00    3 T  T
    720   1    38  2.1767824693E+00 2.7E+00    32 1.0E+00    7 T  T
    721   1    38  2.1206848171E+00 4.0E+00    44 2.3E-01   12 F  F
    722   1    38  2.1038216021E+00 8.1E+00    25 4.8E-01    4 F  F
    726   1    36  2.0752184800E+00 2.1E+01    44 2.3E-05      T  T
    731   1    33  1.9651569593E+00 7.5E-01    20 1.0E+00    3 T  T
    732   1    33  1.9445279197E+00 1.1E+00    36 1.1E-01    8 F  F
 
   Iter Phase Ninf   Infeasibility   RGmax    NSB   Step InItr MX OK
    733   1    33  1.9391036334E+00 2.5E+00    24 6.0E-01    4 F  F
    736   1    33  1.9366633356E+00 1.2E+03    41 9.3E-10      T  T
    741   1    27  1.9216204390E+00 6.0E-02    38 2.4E+00      T  T
    743   1    25  1.6362565484E+00 6.0E-02    29 1.0E+00    3 T  T
    744   1    21  1.5527095550E+00 1.2E-02    28 1.0E+00    9 T  T
    745   1    20  1.3981765058E+00 8.4E-03    27 6.8E-01   11 T  T
    746   1    11  1.3504159970E+00 9.9E+00     6 1.0E+00    6 T  T
    747   1    11  1.3494894697E+00 8.8E+00    17 1.6E-02    5 F  F
    748   1    11  1.3485786524E+00 3.0E+00    12 4.2E-02    2 F  F
    751   1    11  1.3483156083E+00 3.0E+00    26 2.1E-06      F  F
 
   Iter Phase Ninf   Infeasibility   RGmax    NSB   Step InItr MX OK
    756   1     8  1.3270834800E+00 6.0E-02    30 2.5E-02      F  F
    760   1     8  1.3255901471E+00 2.6E-02    16 1.6E-02    3 F  F
    761   1     8  1.3242439680E+00 9.3E-10     5 3.1E-02    1 F  F
    766   1     8  1.2838503234E+00 6.8E-01    27 1.1E-02      F  F
    771   1     8  1.2115305027E+00 6.0E-01    29 2.1E-02      F  F
    776   1     8  7.3190110642E-01 1.3E+00    29 2.3E-03      F  F
    781   1     8  1.5900872486E-01 6.9E+00    28 2.0E-04      F  F
    786   1     8  8.6469638439E-02 9.3E-02    28 6.0E+00      F  F
    789   1     7  5.8717380558E-02 3.2E-13    29
 
 ** Infeasible solution. Reduced gradient less than tolerance.
 
--- Reading solution for model m
--- Executing after solve: elapsed 0:00:01.223
--- Generating CNS model m2
--- largemodel.gms(203) 6 Mb
---   545 rows  596 columns  3,334 non-zeroes
---   6,916 nl-code  2,435 nl-non-zeroes
--- largemodel.gms(203) 4 Mb
--- Executing PATH (Solvelink=2): elapsed 0:00:01.240
Reading dictionary...
Reading row data...
Evaluating functions...
Checking model...
Calculating Jacobian...

PATH             33.2.0 r4f23b21 Released Dec 01, 2020 WEI x86 64bit/MS Window

545 row/cols, 3164 non-zeros, 1.07% dense.

Path 5.0.02 (Tue Dec  1 17:26:19 2020)
Written by Todd Munson, Steven Dirkse, Youngdae Kim, and Michael Ferris


INITIAL POINT STATISTICS
Maximum of X. . . . . . . . . .  9.2240e+01 var: (y(reg10))
Maximum of F. . . . . . . . . .  8.9740e-01 eqn: (eq_c(com1,reg2))
Maximum of Grad F . . . . . . .  1.6319e+02 eqn: (eq_factor_demand(com1,reg2,fa)
                                            var: (pe(fac1,reg2))

INITIAL JACOBIAN NORM STATISTICS
Maximum Row Norm. . . . . . . .  1.9617e+02 eqn: (eq_factor_demand(com1,reg2,fa)
Minimum Row Norm. . . . . . . .  1.0000e+00 eqn: (s(1))
Maximum Column Norm . . . . . .  1.7768e+02 var: (pe(fac5,reg2))
Minimum Column Norm . . . . . .  2.5000e-02 var: (c(com1,reg1))

Crash Log
major  func  diff  size  residual    step       prox   (label)
    0     0             1.0118e+00             0.0e+00 (eq_c(com1,reg2))
pn_search terminated: no progress.

Major Iteration Log
major minor  func  grad  residual    step  type prox    inorm  (label)
    0     0    13     1 1.0118e+00           I 1.0e-02 9.0e-01 (eq_c(com1,reg2))
    1   125    40     2 1.0112e+00  5.4e-05 RG 4.0e-03 9.0e-01 (eq_c(com1,reg2))
    2    90    41     3 1.0112e+00  1.0e+00 CO 1.6e-03 9.0e-01 (eq_c(com1,reg2))
    3    43    42     4 1.0112e+00  1.0e+00 CO 6.5e-04 9.0e-01 (eq_c(com1,reg2))
    4    19    43     5 1.0112e+00  1.0e+00 CO 2.6e-04 9.0e-01 (eq_c(com1,reg2))
    5    19    44     6 1.0112e+00  1.0e+00 CO 1.0e-01 9.0e-01 (eq_c(com1,reg2))

Minor Iteration Log
minor      t          z     w     v   art ckpts  enter    leave
  500 -5.3893e+00   645   444     0     0    11 z[   84] z[  217]
 1000 -5.4560e+00   636   453     0     0    21 w[   22] w[  273]

Major Iteration Log
major minor  func  grad  residual    step  type prox    inorm  (label)
    6  1090    56     7 1.0097e+00  3.2e-04 IG 4.0e-02 9.0e-01 (eq_c(com1,reg2))
    7    91    57     8 1.0097e+00  1.0e+00 CO 1.6e-02 9.0e-01 (eq_c(com1,reg2))
    8    37    58     9 1.0097e+00  1.0e+00 CO 6.5e-03 9.0e-01 (eq_c(com1,reg2))
    9    36    59    10 1.0097e+00  1.0e+00 CO 2.6e-03 9.0e-01 (eq_c(com1,reg2))
   10    36    60    11 1.0097e+00  1.0e+00 CO 1.0e-03 9.0e-01 (eq_c(com1,reg2))

Minor Iteration Log
minor      t          z     w     v   art ckpts  enter    leave
  500 -8.1691e+00   626   463     0     0     9 w[    9] w[  217]
 1000 -8.2558e+00   632   457     0     0    19 w[   38] w[   25]

Major Iteration Log
major minor  func  grad  residual    step  type prox    inorm  (label)
   11  1090    87    12 1.0086e+00  5.4e-05 IG 1.0e-01 9.0e-01 (eq_c(com1,reg2))
   12    58   100    13 1.0081e+00  5.4e-05 CG 4.0e-02 9.0e-01 (eq_c(com1,reg2))
   13    35   101    14 1.0081e+00  1.0e+00 CO 1.6e-02 9.0e-01 (eq_c(com1,reg2))
   14    32   102    15 1.0081e+00  1.0e+00 CO 6.5e-03 9.0e-01 (eq_c(com1,reg2))
   15    38   103    16 1.0081e+00  1.0e+00 CO 2.6e-03 9.0e-01 (eq_c(com1,reg2))

Minor Iteration Log
minor      t          z     w     v   art ckpts  enter    leave
  500 -8.1819e+00   626   463     0     0     9 w[    9] w[  217]
 1000 -8.2689e+00   633   456     0     0    19 z[  258] z[   19]

Major Iteration Log
major minor  func  grad  residual    step  type prox    inorm  (label)
   16  1090   130    17 1.0077e+00  5.4e-05 IG 1.0e-01 9.0e-01 (eq_c(com1,reg2))
   17    50   131    18 1.0077e+00  1.0e+00 CO 4.0e-02 9.0e-01 (eq_c(com1,reg2))

Restart Log
proximal_perturbation 0
crash_method none
crash_perturb yes
nms_initial_reference_factor 2
lemke_start_type slack
proximal_perturbation 1.0118e-02

Major Iteration Log
major minor  func  grad  residual    step  type prox    inorm  (label)
   17     0   144    19 1.0118e+00           R 1.0e-02 9.0e-01 (eq_c(com1,reg2))
   18    73   145    20 1.0118e+00  1.0e+00 CO 4.0e-03 9.0e-01 (eq_c(com1,reg2))
   19    38   146    21 1.0118e+00  1.0e+00 CO 1.6e-03 9.0e-01 (eq_c(com1,reg2))
   20    30   147    22 1.0118e+00  1.0e+00 CO 6.5e-04 9.0e-01 (eq_c(com1,reg2))
   21    27   148    23 1.0118e+00  1.0e+00 CO 2.6e-04 9.0e-01 (eq_c(com1,reg2))
   22    32   149    24 1.0118e+00  1.0e+00 CO 1.0e-04 9.0e-01 (eq_c(com1,reg2))
   23     7   162    25 1.0112e+00  5.4e-05 RG 4.0e-03 9.0e-01 (eq_c(com1,reg2))
   24    42   163    26 1.0112e+00  1.0e+00 CO 1.0e-01 9.0e-01 (eq_c(com1,reg2))
   25    44   164    27 1.0112e+00  1.0e+00 CO 4.0e-02 9.0e-01 (eq_c(com1,reg2))
   26    37   165    28 1.0112e+00  1.0e+00 CO 1.6e-02 9.0e-01 (eq_c(com1,reg2))
   27    34   166    29 1.0112e+00  1.0e+00 CO 6.5e-03 9.0e-01 (eq_c(com1,reg2))
   28   125   192    30 1.0097e+00  3.2e-04 RG 2.6e-03 9.0e-01 (eq_c(com1,reg2))
   29    27   205    31 1.0086e+00  5.4e-05 CG 1.0e-03 9.0e-01 (eq_c(com1,reg2))
   30    28   206    32 1.0086e+00  1.0e+00 CO 1.0e-01 9.0e-01 (eq_c(com1,reg2))
   31    28   207    33 1.0086e+00  1.0e+00 CO 4.0e-02 9.0e-01 (eq_c(com1,reg2))
   32    27   208    34 1.0086e+00  1.0e+00 CO 1.6e-02 9.0e-01 (eq_c(com1,reg2))

Minor Iteration Log
minor      t          z     w     v   art ckpts  enter    leave
  500 -8.1776e+00   626   463     0     0     9 w[    9] w[  217]
 1000 -8.2646e+00   633   456     0     0    20 z[  258] z[   19]

Major Iteration Log
major minor  func  grad  residual    step  type prox    inorm  (label)
   33  1090   235    35 1.0081e+00  5.4e-05 IG 1.0e-01 9.0e-01 (eq_c(com1,reg2))
   34    28   236    36 1.0081e+00  1.0e+00 CO 4.0e-02 9.0e-01 (eq_c(com1,reg2))
   35    32   249    37 1.0077e+00  5.4e-05 CG 1.6e-02 9.0e-01 (eq_c(com1,reg2))
   36    43   250    38 1.0077e+00  1.0e+00 CO 6.5e-03 9.0e-01 (eq_c(com1,reg2))
   37    20   251    39 1.0077e+00  1.0e+00 CO 2.6e-03 9.0e-01 (eq_c(com1,reg2))

Minor Iteration Log
minor      t          z     w     v   art ckpts  enter    leave
  500 -8.1851e+00   626   463     0     0     9 w[    9] w[  217]
 1000 -8.2721e+00   633   456     0     0    19 z[  258] z[   19]

Restart Log
proximal_perturbation 0
crash_method none
crash_perturb no
nms_initial_reference_factor 10
nms_memory_size 2
nms_mstep_frequency 1
lemke_search_type slack

Major Iteration Log
major minor  func  grad  residual    step  type prox    inorm  (label)
   37     0   278    40 1.0118e+00           R 0.0e+00 9.0e-01 (eq_c(com1,reg2))
   38     2   279    41 1.0118e+00  1.0e+00 RM 0.0e+00 9.0e-01 (eq_c(com1,reg2))
   39     2   280    42 1.0118e+00  1.0e+00 RM 0.0e+00 9.0e-01 (eq_c(com1,reg2))
   40     3   294    43 1.0118e+00  1.2e-06 RB 0.0e+00 9.0e-01 (eq_c(com1,reg2))
   41     2   295    44 1.0118e+00  1.0e+00 RM 0.0e+00 9.0e-01 (eq_c(com1,reg2))
   42     3   309    45 1.0118e+00  1.2e-06 RB 0.0e+00 9.0e-01 (eq_c(com1,reg2))
   43    52   322    46 1.0112e+00  5.4e-05 RG 0.0e+00 9.0e-01 (eq_c(com1,reg2))
   44     2   323    47 1.0112e+00  1.0e+00 RM 0.0e+00 9.0e-01 (eq_c(com1,reg2))
   45    30   324    48 1.0112e+00  1.0e+00 CM 1.0e-01 9.0e-01 (eq_c(com1,reg2))
   46    30   325    49 1.0112e+00  1.0e+00 CM 4.0e-02 9.0e-01 (eq_c(com1,reg2))
   47    24   326    50 1.0112e+00  1.0e+00 CM 1.6e-02 9.0e-01 (eq_c(com1,reg2))

Minor Iteration Log
minor      t          z     w     v   art ckpts  enter    leave
  500 -8.1570e+00   626   463     0     0     9 w[    9] w[  217]
 1000 -8.2439e+00   632   457     0     0    20 z[  259] w[  256]

Major Iteration Log
major minor  func  grad  residual    step  type prox    inorm  (label)
   48  1090   352    51 1.0097e+00  3.2e-04 IG 1.0e-01 9.0e-01 (eq_c(com1,reg2))
   49    31   365    52 1.0086e+00  5.4e-05 CG 4.0e-02 9.0e-01 (eq_c(com1,reg2))
   50    43   366    53 1.0086e+00  1.0e+00 CM 1.6e-02 9.0e-01 (eq_c(com1,reg2))
   51    44   367    54 1.0086e+00  1.0e+00 CM 6.5e-03 9.0e-01 (eq_c(com1,reg2))
   52    42   368    55 1.0086e+00  1.0e+00 CM 2.6e-03 9.0e-01 (eq_c(com1,reg2))

Minor Iteration Log
minor      t          z     w     v   art ckpts  enter    leave
  500 -8.1776e+00   626   463     0     0     9 w[    9] w[  217]
 1000 -8.2646e+00   633   456     0     0    20 z[  258] z[   19]

Major Iteration Log
major minor  func  grad  residual    step  type prox    inorm  (label)
   53  1090   395    56 1.0081e+00  5.4e-05 IG 1.0e-01 9.0e-01 (eq_c(com1,reg2))
   54    72   396    57 1.0081e+00  1.0e+00 CM 4.0e-02 9.0e-01 (eq_c(com1,reg2))
   55    42   409    58 1.0077e+00  5.4e-05 CG 1.6e-02 9.0e-01 (eq_c(com1,reg2))
   56    99   410    59 1.0077e+00  1.0e+00 CM 6.5e-03 9.0e-01 (eq_c(com1,reg2))
   57    39   411    60 1.0077e+00  1.0e+00 CM 2.6e-03 9.0e-01 (eq_c(com1,reg2))

Minor Iteration Log
minor      t          z     w     v   art ckpts  enter    leave
  500 -8.1851e+00   626   463     0     0     9 w[    9] w[  217]
 1000 -8.2721e+00   633   456     0     0    19 z[  258] z[   19]

Restart Log
proximal_perturbation 0
crash_method pnewton
crash_nbchange_limit 10
nms_initial_reference_factor 2
crash_searchtype arc
nms_searchtype arc
gradient_searchtype arc
lemke_search_type slack

Crash Log
major  func  diff  size  residual    step       prox   (label)
    0     0             1.0118e+00             0.0e+00 (eq_c(com1,reg2))
pn_search terminated: no progress.

Major Iteration Log
major minor  func  grad  residual    step  type prox    inorm  (label)
   57     0   450    61 1.0118e+00           R 1.0e-02 9.0e-01 (eq_c(com1,reg2))
   58    73   451    62 1.0118e+00  1.0e+00 CM 4.0e-03 9.0e-01 (eq_c(com1,reg2))
   59    38   452    63 1.0118e+00  1.0e+00 CM 1.6e-03 9.0e-01 (eq_c(com1,reg2))
   60    30   455    64 1.0118e+00  6.4e-01 CB 6.5e-04 9.0e-01 (eq_c(com1,reg2))
   61    35   482    65 1.0112e+00  5.4e-05 CG 4.0e-03 9.0e-01 (eq_c(com1,reg2))
   62    24   483    66 1.0112e+00  1.0e+00 CM 1.6e-03 9.0e-01 (eq_c(com1,reg2))

Minor Iteration Log
minor      t          z     w     v   art ckpts  enter    leave
  500 -8.1570e+00   626   463     0     0     9 w[    9] w[  217]
 1000 -8.2439e+00   632   457     0     0    20 z[  259] w[  256]

Major Iteration Log
major minor  func  grad  residual    step  type prox    inorm  (label)
   63  1090   495    67 1.0097e+00  3.2e-04 IG 1.0e-01 9.0e-01 (eq_c(com1,reg2))
   64    83   496    68 1.0097e+00  1.0e+00 CM 4.0e-02 9.0e-01 (eq_c(com1,reg2))
   65    29   497    69 1.0097e+00  1.0e+00 CM 1.6e-02 9.0e-01 (eq_c(com1,reg2))
   66    44   498    70 1.0097e+00  1.0e+00 CM 6.5e-03 9.0e-01 (eq_c(com1,reg2))
   67    33   499    71 1.0097e+00  1.0e+00 CM 2.6e-03 9.0e-01 (eq_c(com1,reg2))

Minor Iteration Log
minor      t          z     w     v   art ckpts  enter    leave
  500 -8.1691e+00   626   463     0     0     9 w[    9] w[  217]
 1000 -8.2558e+00   632   457     0     0    19 w[   38] w[   25]

Major Iteration Log
major minor  func  grad  residual    step  type prox    inorm  (label)
   68  1090   526    72 1.0086e+00  5.4e-05 IG 1.0e-01 9.0e-01 (eq_c(com1,reg2))
   69    28   539    73 1.0081e+00  5.4e-05 CG 4.0e-02 9.0e-01 (eq_c(com1,reg2))
   70    30   540    74 1.0081e+00  1.0e+00 CM 1.6e-02 9.0e-01 (eq_c(com1,reg2))
   71    37   552    75 1.0081e+00  2.6e-04 CB 6.5e-03 9.0e-01 (eq_c(com1,reg2))
   72    25   553    76 1.0081e+00  1.0e+00 CM 2.6e-03 9.0e-01 (eq_c(com1,reg2))

Minor Iteration Log
minor      t          z     w     v   art ckpts  enter    leave
  500 -8.1819e+00   626   463     0     0     9 w[    9] w[  217]
 1000 -8.2688e+00   633   456     0     0    19 z[  258] z[   19]

Major Iteration Log
major minor  func  grad  residual    step  type prox    inorm  (label)
   73  1090   580    77 1.0077e+00  5.4e-05 IG 1.0e-01 9.0e-01 (eq_c(com1,reg2))
   74    28   581    78 1.0077e+00  1.0e+00 CM 4.0e-02 9.0e-01 (eq_c(com1,reg2))

FINAL STATISTICS
Inf-Norm of Complementarity . .  8.9606e-01 eqn: (eq_c(com1,reg2))
Inf-Norm of Normal Map. . . . .  8.9606e-01 eqn: (eq_c(com1,reg2))
Inf-Norm of Minimum Map . . . .  8.9606e-01 eqn: (eq_c(com1,reg2))
Inf-Norm of Fischer Function. .  8.9606e-01 eqn: (eq_c(com1,reg2))
Inf-Norm of Grad Fischer Fcn. .  1.1386e+00 eqn: (s(67))
Two-Norm of Grad Fischer Fcn. .  2.7070e+00

FINAL POINT STATISTICS
Maximum of X. . . . . . . . . .  9.2240e+01 var: (y(reg10))
Maximum of F. . . . . . . . . .  8.9606e-01 eqn: (eq_c(com1,reg2))
Maximum of Grad F . . . . . . .  1.6235e+02 eqn: (eq_factor_demand(com1,reg2,fa)
                                            var: (pe(fac1,reg2))

 ** EXIT - other error.

Major Iterations. . . . 74
Minor Iterations. . . . 15961
Restarts. . . . . . . . 3
Crash Iterations. . . . 0
Gradient Steps. . . . . 24
Function Evaluations. . 593
Gradient Evaluations. . 78
Basis Time. . . . . . . 0.861000
Total Time. . . . . . . 1.140000
Residual. . . . . . . . 1.007705e+00

--- Reading solution for model m2
--- Executing after solve: elapsed 0:00:02.635
--- largemodel.gms(219) 4 Mb
*** Status: Normal completion
--- Job largemodel.gms Stop 06/08/24 19:35:27 elapsed 0:00:02.636
