
--- Job multiregion.gms Start 06/08/24 16:54:33 33.2.0 r4f23b21 WEX-WEI x86 64bit/MS Windows
--- Applying:
    C:\GAMS\33\gmsprmNT.txt
--- GAMS Parameters defined
    Input "C:\Users\MAROS.IVANIC\OneDrive - USDA\JuMP-may-24\multiregion.gms"
    PageWidth 80
    PageSize 0
    PageContr 3
    Action CE
    ScrDir "C:\Users\MAROS.IVANIC\OneDrive - USDA\JuMP-may-24\225a\"
    SysDir C:\GAMS\33\
    WorkDir "C:\Users\MAROS.IVANIC\OneDrive - USDA\JuMP-may-24\"
    LogOption 3
    DFormat 0
    TFormat 0
    ErrorLog 99
    IDE 1
Licensee: Large MUD - 20 User License                    G210128/0001CA-WIN
          U.S. Department of Agriculture, Economic Research Service  DC1080
          C:\Users\MAROS.IVANIC\OneDrive - USDA\Documents\GAMS\gamslice.txt
GAMS 33.2.0   Copyright (C) 1987-2020 GAMS Development. All rights reserved
--- Starting compilation
--- multiregion.gms(181) 3 Mb
--- Starting execution: elapsed 0:00:00.017
--- multiregion.gms(153) 4 Mb
--- Generating NLP model m
--- multiregion.gms(156) 6 Mb
---   57 rows  64 columns  253 non-zeroes
---   512 nl-code  172 nl-non-zeroes
--- multiregion.gms(156) 4 Mb
--- Executing CONOPT (Solvelink=2): elapsed 0:00:00.041
CONOPT 3         33.2.0 r4f23b21 Released Dec 01, 2020 WEI x86 64bit/MS Window
 
 
    C O N O P T 3   version 3.17L
    Copyright (C)   ARKI Consulting and Development A/S
                    Bagsvaerdvej 246 A
                    DK-2880 Bagsvaerd, Denmark
 
 
   Iter Phase Ninf   Infeasibility   RGmax    NSB   Step InItr MX OK
      0   0        1.4347749217E+03 (Input point)
 
                   Pre-triangular equations:   0
                   Post-triangular equations:  1
                   Definitional equations:     3
 
      1   0        1.0351749217E+03 (After pre-processing)
      2   0        6.1416989536E+01 (After scaling)
     10   0    11  2.9961433610E+01               0.0E+00      F  F
     20   0    21  2.9739349991E+01               0.0E+00      F  F
     30   0    31  2.9739349991E+01               0.0E+00      F  F
     40   0    41  2.9739349991E+01               0.0E+00      F  F
     51   1    35  1.2375548709E+01 4.4E+00    32 2.5E-01   12 F  F
     56   1    25  7.7924946385E+00 1.5E+00    22 1.0E+00    3 T  T
     61   1    20  4.7493963235E+00 6.7E+01    17 2.5E-01    6 F  F
 
   Iter Phase Ninf   Infeasibility   RGmax    NSB   Step InItr MX OK
     66   1    17  4.1222598227E+00 5.1E-01    14 7.1E-01    1 F  T
     71   2    17  3.3373815932E+00 4.7E+00    15 7.2E-01    3 F  F
     76   1    14  2.6954039361E+00 6.8E+00    11 5.9E-03      T  T
     81   1    14  2.5950242832E+00 5.1E-02     8 3.5E-01    3 F  F
     91   1    13  2.3548398093E+00 1.3E-01     9 5.9E-01      T  T
     96   1    11  2.0769089817E+00 1.4E+00     5 4.7E-01    3 F  F
    101   1    11  1.8617624090E+00 3.2E-01     7 1.5E-01      T  T
    111   1     9  1.3364982829E+00 1.3E-01     4 3.5E-01    1 F  T
    121   1     8  1.2066505736E+00 1.4E-01     6 3.3E-06      F  F
    131   1     5  1.1571541530E+00 6.4E+00     6 2.3E-05      T  T
 
   Iter Phase Ninf   Infeasibility   RGmax    NSB   Step InItr MX OK
    141   1     5  1.0609293602E+00 1.9E-01     3 3.2E-03      F  F
    146   1     5  1.0170588537E+00 1.3E-01     2 2.5E-01    1 F  F
    151   1     3  9.9999990707E-01 9.7E-06     1 3.2E-03    1 F  F
 
 ** Feasible solution. Value of objective =    0.00000000000
 
   Iter Phase Ninf     Objective     RGmax    NSB   Step InItr MX OK
    157   3        0.0000000000E+00 0.0E+00     3
 
 ** Optimal solution. Reduced gradient less than tolerance.
 
--- Reading solution for model m
--- Executing after solve: elapsed 0:00:00.218
--- Generating CNS model m2
--- multiregion.gms(170) 6 Mb
---   56 rows  63 columns  252 non-zeroes
---   513 nl-code  172 nl-non-zeroes
--- multiregion.gms(170) 4 Mb
--- Executing PATH (Solvelink=2): elapsed 0:00:00.229
Reading dictionary...
Reading row data...
Evaluating functions...
Checking model...
Calculating Jacobian...

PATH             33.2.0 r4f23b21 Released Dec 01, 2020 WEI x86 64bit/MS Window

56 row/cols, 228 non-zeros, 7.27% dense.

Path 5.0.02 (Tue Dec  1 17:26:19 2020)
Written by Todd Munson, Steven Dirkse, Youngdae Kim, and Michael Ferris


INITIAL POINT STATISTICS
Maximum of X. . . . . . . . . .  2.7448e+01 var: (y(usa))
Maximum of F. . . . . . . . . .  3.3250e-11 eqn: (eq_c(rice,canada))
Maximum of Grad F . . . . . . .  1.0000e+01 eqn: (eq_zero_profits(rice,usa))
                                            var: (qs(rice,usa))

INITIAL JACOBIAN NORM STATISTICS
Maximum Row Norm. . . . . . . .  2.4983e+01 eqn: (eq_zero_profits(rice,usa))
Minimum Row Norm. . . . . . . .  1.0000e+00 eqn: (s(1))
Maximum Column Norm . . . . . .  1.4316e+01 var: (pe(labor,usa))
Minimum Column Norm . . . . . .  9.8536e-01 var: (c(rice,usa))

Crash Log
major  func  diff  size  residual    step       prox   (label)
    0     0             6.7604e-11             0.0e+00 (eq_c(rice,canada))

Major Iteration Log
major minor  func  grad  residual    step  type prox    inorm  (label)
    0     0     1     1 6.7604e-11           I 0.0e+00 3.3e-11 (eq_c(rice,canad)

FINAL STATISTICS
Inf-Norm of Complementarity . .  3.3250e-11 eqn: (eq_c(rice,canada))
Inf-Norm of Normal Map. . . . .  3.3250e-11 eqn: (eq_c(rice,canada))
Inf-Norm of Minimum Map . . . .  3.3250e-11 eqn: (eq_c(rice,canada))
Inf-Norm of Fischer Function. .  3.3250e-11 eqn: (eq_c(rice,canada))
Inf-Norm of Grad Fischer Fcn. .  1.5163e-10 eqn: (s(25))
Two-Norm of Grad Fischer Fcn. .  2.2174e-10

FINAL POINT STATISTICS
Maximum of X. . . . . . . . . .  2.7448e+01 var: (y(usa))
Maximum of F. . . . . . . . . .  3.3250e-11 eqn: (eq_c(rice,canada))
Maximum of Grad F . . . . . . .  1.0000e+01 eqn: (eq_zero_profits(rice,usa))
                                            var: (qs(rice,usa))

 ** EXIT - solution found.

Major Iterations. . . . 0
Minor Iterations. . . . 0
Restarts. . . . . . . . 0
Crash Iterations. . . . 0
Gradient Steps. . . . . 0
Function Evaluations. . 1
Gradient Evaluations. . 1
Basis Time. . . . . . . 0.000000
Total Time. . . . . . . 0.015000
Residual. . . . . . . . 6.760391e-11

--- Reading solution for model m2
--- Executing after solve: elapsed 0:00:00.342
--- multiregion.gms(171) 4 Mb
--- Generating NLP model m
--- multiregion.gms(172) 6 Mb
---   57 rows  64 columns  253 non-zeroes
---   512 nl-code  172 nl-non-zeroes
--- multiregion.gms(172) 4 Mb
--- Executing CONOPT (Solvelink=2): elapsed 0:00:00.347
CONOPT 3         33.2.0 r4f23b21 Released Dec 01, 2020 WEI x86 64bit/MS Window
 
 
    C O N O P T 3   version 3.17L
    Copyright (C)   ARKI Consulting and Development A/S
                    Bagsvaerdvej 246 A
                    DK-2880 Bagsvaerd, Denmark
 
 
   Iter Phase Ninf   Infeasibility   RGmax    NSB   Step InItr MX OK
      0   0        4.0000000002E+00 (Input point)
 
                   Pre-triangular equations:   0
                   Post-triangular equations:  1
                   Definitional equations:     3
 
      1   0        1.3000000002E+00 (After pre-processing)
      2   0        8.0000000004E-01 (After scaling)
     11   1     3  7.9138145183E-01 9.5E-01     5 1.8E-05      F  F
     21   1     2  3.5546706968E-01 2.7E+00     5 6.6E-03      F  F
 
 ** Feasible solution. Value of objective =    0.00000000000
 
   Iter Phase Ninf     Objective     RGmax    NSB   Step InItr MX OK
     24   3        0.0000000000E+00 0.0E+00     5
 
 ** Optimal solution. Reduced gradient less than tolerance.
 
--- Reading solution for model m
--- Executing after solve: elapsed 0:00:00.490
--- Generating CNS model m2
--- multiregion.gms(173) 6 Mb
---   56 rows  63 columns  252 non-zeroes
---   513 nl-code  172 nl-non-zeroes
--- multiregion.gms(173) 4 Mb
--- Executing PATH (Solvelink=2): elapsed 0:00:00.496
Reading dictionary...
Reading row data...
Evaluating functions...
Checking model...
Calculating Jacobian...

PATH             33.2.0 r4f23b21 Released Dec 01, 2020 WEI x86 64bit/MS Window

56 row/cols, 228 non-zeros, 7.27% dense.

Path 5.0.02 (Tue Dec  1 17:26:19 2020)
Written by Todd Munson, Steven Dirkse, Youngdae Kim, and Michael Ferris


INITIAL POINT STATISTICS
Maximum of X. . . . . . . . . .  2.7448e+01 var: (y(usa))
Maximum of F. . . . . . . . . .  7.1252e-10 eqn: (eq_factor_demand(rice,austral)
Maximum of Grad F . . . . . . .  1.0000e+01 eqn: (eq_zero_profits(corn,usa))
                                            var: (qs(corn,usa))

INITIAL JACOBIAN NORM STATISTICS
Maximum Row Norm. . . . . . . .  2.4193e+01 eqn: (eq_zero_profits(corn,usa))
Minimum Row Norm. . . . . . . .  1.0000e+00 eqn: (s(1))
Maximum Column Norm . . . . . .  1.4316e+01 var: (pe(labor,usa))
Minimum Column Norm . . . . . .  6.5126e-01 var: (c(rice,usa))

Crash Log
major  func  diff  size  residual    step       prox   (label)
    0     0             1.0010e-09             0.0e+00 (eq_factor_demand(rice,a)

Major Iteration Log
major minor  func  grad  residual    step  type prox    inorm  (label)
    0     0     1     1 1.0010e-09           I 0.0e+00 7.1e-10 (eq_factor_deman)

FINAL STATISTICS
Inf-Norm of Complementarity . .  7.1252e-10 eqn: (eq_factor_demand(rice,austral)
Inf-Norm of Normal Map. . . . .  7.1252e-10 eqn: (eq_factor_demand(rice,austral)
Inf-Norm of Minimum Map . . . .  7.1252e-10 eqn: (eq_factor_demand(rice,austral)
Inf-Norm of Fischer Function. .  7.1252e-10 eqn: (eq_factor_demand(rice,austral)
Inf-Norm of Grad Fischer Fcn. .  2.8520e-09 eqn: (s(12))
Two-Norm of Grad Fischer Fcn. .  6.6855e-09

FINAL POINT STATISTICS
Maximum of X. . . . . . . . . .  2.7448e+01 var: (y(usa))
Maximum of F. . . . . . . . . .  7.1252e-10 eqn: (eq_factor_demand(rice,austral)
Maximum of Grad F . . . . . . .  1.0000e+01 eqn: (eq_zero_profits(corn,usa))
                                            var: (qs(corn,usa))

 ** EXIT - solution found.

Major Iterations. . . . 0
Minor Iterations. . . . 0
Restarts. . . . . . . . 0
Crash Iterations. . . . 0
Gradient Steps. . . . . 0
Function Evaluations. . 1
Gradient Evaluations. . 1
Basis Time. . . . . . . 0.000000
Total Time. . . . . . . 0.062000
Residual. . . . . . . . 1.001045e-09

--- Reading solution for model m2
--- Executing after solve: elapsed 0:00:00.661
--- multiregion.gms(179) 4 Mb
*** Status: Normal completion
--- Job multiregion.gms Stop 06/08/24 16:54:34 elapsed 0:00:00.661
